SF:lib\repository\home_firebase_repository.dart
DA:11,1
DA:13,1
DA:15,1
DA:16,1
DA:17,1
DA:18,1
DA:19,1
DA:20,6
DA:24,1
DA:27,3
DA:28,2
DA:29,1
DA:33,0
LF:13
LH:12
end_of_record
SF:lib\model\to_do_model.dart
DA:9,1
DA:17,0
DA:18,0
DA:19,0
DA:20,0
DA:21,0
DA:22,0
DA:23,0
DA:27,1
DA:28,1
DA:30,1
DA:31,1
DA:32,2
DA:33,1
DA:34,1
LF:15
LH:8
end_of_record
SF:lib\controller\sign_in_controller.dart
DA:8,1
DA:10,3
DA:12,1
DA:13,3
DA:15,1
DA:16,2
DA:17,3
DA:19,3
DA:23,1
DA:24,3
DA:26,1
DA:27,2
DA:28,3
DA:30,3
LF:14
LH:14
end_of_record
SF:lib\repository\sign_in_repository.dart
DA:16,2
DA:20,0
DA:21,0
DA:23,0
DA:24,0
DA:26,0
DA:28,0
DA:31,2
DA:34,4
DA:38,2
DA:39,2
DA:41,2
DA:47,2
DA:50,4
DA:56,2
DA:57,2
DA:59,0
LF:17
LH:10
end_of_record
SF:lib\model\user_model.dart
DA:5,2
LF:1
LH:1
end_of_record
